<?xml version="1.0" encoding="UTF-8"?>
<!-- Generated by org.testng.reporters.JUnitReportReporter -->
<testsuite hostname="Feuji-V005L-R" failures="0" tests="2" name="com.appiumTests.test.DetoxTests" time="37.907" errors="0" timestamp="2024-02-14T16:02:50 IST" skipped="0">
  <testcase classname="com.appiumTests.test.DetoxTests" name="searchPage" time="21.563"/>
  <system-out/>
  <testcase classname="com.appiumTests.test.DetoxTests" name="recipePage" time="16.344"/>
  <system-out/>
</testsuite> <!-- com.appiumTests.test.DetoxTests -->
